<?xml version="1.0" encoding="UTF-8"?>
<!-- Generated by org.testng.reporters.JUnitXMLReporter -->
<testsuite ignored="0" hostname="QB-CLT-1378" failures="0" tests="2" name="Login to the application with valid credentials sauce50" time="26.239" errors="0" timestamp="2023-03-21T14:21:56 IST">
  <testcase classname="TestCase" name="Login_to_the_application_with_invalid_credentials_sauce51" time="11.532"/>
  <testcase classname="TestCase" name="Login_to_the_application_with_valid_credentials_sauce50" time="10.449"/>
</testsuite> <!-- Login to the application with valid credentials sauce50 -->
