<?xml version="1.0" encoding="UTF-8"?>
<!-- Generated by org.testng.reporters.JUnitXMLReporter -->
<testsuite ignored="0" hostname="QB-CLT-1378" failures="1" tests="1" name="Login to the application with valid credentials sauce50" time="19.16" errors="0" timestamp="2023-03-21T11:00:29 IST">
  <testcase classname="TestCase" name="Login_to_the_application_with_valid_credentials" time="12.073">
    <failure type="java.lang.AssertionError" message="expected [Productss] but found [Products]">
      <![CDATA[java.lang.AssertionError: expected [Productss] but found [Products]
at TestCase.Login_to_the_application_with_valid_credentials(TestCase.java:29)
at java.base/java.util.ArrayList.forEach(ArrayList.java:1511)
... Removed 37 stack frames]]>
    </failure>
  </testcase> <!-- Login_to_the_application_with_valid_credentials -->
</testsuite> <!-- Login to the application with valid credentials sauce50 -->
