<?xml version="1.0" encoding="UTF-8"?>
<testsuite xmlns:xsi="http://www.w3.org/2001/XMLSchema-instance" xsi:noNamespaceSchemaLocation="https://maven.apache.org/surefire/maven-surefire-plugin/xsd/surefire-test-report.xsd" name="TestSuite" time="26.833" tests="2" errors="0" skipped="0" failures="1">
  <properties>
[...]
</properties>
  <testcase name="Login_to_the_application_with_invalid_credentials_sauce51" classname="TestCase" time="11.469"/>
  <testcase name="Login_to_the_application_with_valid_credentials_sauce50" classname="TestCase" time="10.496">
    <failure message="expected [Productss] but found [Products]" type="java.lang.AssertionError">java.lang.AssertionError: expected [Productss] but found [Products]
	at TestCase.Login_to_the_application_with_valid_credentials_sauce50(TestCase.java:29)
</failure>
  </testcase>
</testsuite>