<?xml version="1.0" encoding="UTF-8"?>
<testng-results ignored="0" total="2" passed="2" failed="0" skipped="0">
  <reporter-output>
  </reporter-output>
  <suite started-at="2023-03-21T14:21:30 IST" name="SampleAutomationTest Suite" finished-at="2023-03-21T14:21:56 IST" duration-ms="26239">
    <groups>
    </groups>
    <test started-at="2023-03-21T14:21:30 IST" name="Login to the application with valid credentials sauce50" finished-at="2023-03-21T14:21:56 IST" duration-ms="26239">
      <class name="TestCase">
        <test-method is-config="true" signature="setUp()[pri:0, instance:TestCase@16a0ee18]" started-at="2023-03-21T14:21:30 IST" name="setUp" finished-at="2023-03-21T14:21:33 IST" duration-ms="3278" status="PASS">
          <reporter-output>
          </reporter-output>
        </test-method> <!-- setUp -->
        <test-method signature="Login_to_the_application_with_invalid_credentials_sauce51()[pri:0, instance:TestCase@16a0ee18]" started-at="2023-03-21T14:21:33 IST" name="Login_to_the_application_with_invalid_credentials_sauce51" finished-at="2023-03-21T14:21:44 IST" duration-ms="11532" status="PASS">
          <reporter-output>
          </reporter-output>
        </test-method> <!-- Login_to_the_application_with_invalid_credentials_sauce51 -->
        <test-method signature="Login_to_the_application_with_valid_credentials_sauce50()[pri:0, instance:TestCase@16a0ee18]" started-at="2023-03-21T14:21:44 IST" name="Login_to_the_application_with_valid_credentials_sauce50" finished-at="2023-03-21T14:21:55 IST" duration-ms="10449" status="PASS">
          <reporter-output>
          </reporter-output>
        </test-method> <!-- Login_to_the_application_with_valid_credentials_sauce50 -->
        <test-method is-config="true" signature="tearDown()[pri:0, instance:TestCase@16a0ee18]" started-at="2023-03-21T14:21:55 IST" name="tearDown" finished-at="2023-03-21T14:21:56 IST" duration-ms="941" status="PASS">
          <reporter-output>
          </reporter-output>
        </test-method> <!-- tearDown -->
      </class> <!-- TestCase -->
    </test> <!-- Login to the application with valid credentials sauce50 -->
  </suite> <!-- SampleAutomationTest Suite -->
</testng-results>
