<?xml version="1.0" encoding="UTF-8"?>
<testsuite xmlns:xsi="http://www.w3.org/2001/XMLSchema-instance" xsi:noNamespaceSchemaLocation="https://maven.apache.org/surefire/maven-surefire-plugin/xsd/surefire-test-report.xsd" name="TestSuite" time="20.729" tests="1" errors="0" skipped="0" failures="1">
  <properties>
[...]
</properties>
  <testcase name="Login_to_the_application_with_valid_credentials" classname="TestCase" time="12.097">
    <failure message="expected [Productss] but found [Products]" type="java.lang.AssertionError">java.lang.AssertionError: expected [Productss] but found [Products]
	at TestCase.Login_to_the_application_with_valid_credentials(TestCase.java:29)
</failure>
    <system-err><![CDATA[SLF4J: Failed to load class "org.slf4j.impl.StaticLoggerBinder".
SLF4J: Defaulting to no-operation (NOP) logger implementation
SLF4J: See http://www.slf4j.org/codes.html#StaticLoggerBinder for further details.
1679376612427	geckodriver	INFO	Listening on 127.0.0.1:31485
1679376612949	mozrunner::runner	INFO	Running command: "C:\\Program Files\\Mozilla Firefox\\firefox.exe" "--marionette" "--remote-debugging-port" "37424" "--remote ... .0.0.1:37424/,http://localhost:37424/,http://[::1]:37424/" "-no-remote" "-profile" "C:\\Windows\\TEMP\\rust_mozprofile8PRc4n"
console.warn: services.settings: Ignoring preference override of remote settings server
console.warn: services.settings: Allow by setting MOZ_REMOTE_SETTINGS_DEVTOOLS=1 in the environment
1679376613536	Marionette	INFO	Marionette enabled
Dynamically enable window occlusion 0
1679376613547	Marionette	INFO	Listening on port 56816
Read port: 56816
WebDriver BiDi listening on ws://127.0.0.1:37424
1679376613813	RemoteAgent	WARN	TLS certificate errors will be ignored for this session
[GFX1-]: Fallback WR to SW-WR + D3D11
[GFX1-]: Failed to initialize GPU process
[GFX1-]: [D3D11] failed to get compositor device.
[GFX1-]: Failed to initialize CompositorD3D11 for SWGL: FEATURE_FAILURE_D3D11_NO_DEVICE
[GFX1-]: RenderCompositorSWGL failed mapping default framebuffer, no dt
console.warn: SearchSettings: "get: No settings file exists, new profile?" (new NotFoundError("Could not open the file at C:\\Windows\\TEMP\\rust_mozprofile8PRc4n\\search.json.mozlz4", (void 0)))
DevTools listening on ws://127.0.0.1:37424/devtools/browser/b79f3fae-e678-4102-bec4-a851d79f2b95
console.warn: LoginRecipes: "Falling back to a synchronous message for: https://www.saucedemo.com."
console.warn: LoginRecipes: "Falling back to a synchronous message for: https://www.saucedemo.com."
]]></system-err>
  </testcase>
</testsuite>