-------------------------------------------------------------------------------
Test set: TestSuite
-------------------------------------------------------------------------------
Tests run: 2, Failures: 1, Errors: 0, Skipped: 0, Time elapsed: 26.833 s <<< FAILURE! - in TestSuite
Login_to_the_application_with_valid_credentials_sauce50(TestCase)  Time elapsed: 10.496 s  <<< FAILURE!
java.lang.AssertionError: expected [Productss] but found [Products]
	at TestCase.Login_to_the_application_with_valid_credentials_sauce50(TestCase.java:29)

