<?xml version="1.0" encoding="UTF-8"?>
<testng-results ignored="0" total="1" passed="1" failed="0" skipped="0">
  <reporter-output>
  </reporter-output>
  <suite started-at="2023-03-20T13:31:57 IST" name="SampleAutomationTest Suite" finished-at="2023-03-20T13:32:13 IST" duration-ms="15709">
    <groups>
    </groups>
    <test started-at="2023-03-20T13:31:57 IST" name="Login to the application with valid credentials sauce50" finished-at="2023-03-20T13:32:13 IST" duration-ms="15709">
      <class name="TestCase">
        <test-method is-config="true" signature="setUp()[pri:0, instance:TestCase@29215f06]" started-at="2023-03-20T13:31:57 IST" name="setUp" finished-at="2023-03-20T13:32:00 IST" duration-ms="3561" status="PASS">
          <reporter-output>
          </reporter-output>
        </test-method> <!-- setUp -->
        <test-method signature="Login_to_the_application_with_valid_credentials()[pri:0, instance:TestCase@29215f06]" started-at="2023-03-20T13:32:00 IST" name="Login_to_the_application_with_valid_credentials" finished-at="2023-03-20T13:32:12 IST" duration-ms="11226" status="PASS">
          <reporter-output>
          </reporter-output>
        </test-method> <!-- Login_to_the_application_with_valid_credentials -->
        <test-method is-config="true" signature="tearDown()[pri:0, instance:TestCase@29215f06]" started-at="2023-03-20T13:32:12 IST" name="tearDown" finished-at="2023-03-20T13:32:13 IST" duration-ms="880" status="PASS">
          <reporter-output>
          </reporter-output>
        </test-method> <!-- tearDown -->
      </class> <!-- TestCase -->
    </test> <!-- Login to the application with valid credentials sauce50 -->
  </suite> <!-- SampleAutomationTest Suite -->
</testng-results>
